
-------- begin --------
avr-gcc (WinAVR 20080610) 4.3.0
Copyright (C) 2008 Free Software Foundation, Inc.
This is free software; see the source for copying conditions.  There is NO
warranty; not even for MERCHANTABILITY or FITNESS FOR A PARTICULAR PURPOSE.


Size before:
2.elf  :
section    size      addr
.text      1384         0
.data        16   8388704
.stab      1452         0
.stabstr   1829         0
Total      4681




Size after:
2.elf  :
section    size      addr
.text      1384         0
.data        16   8388704
.stab      1452         0
.stabstr   1829         0
Total      4681



Errors: none
-------- end --------

